INFO:  latexindent version 3.23.9, 2024-04-06, a script to indent .tex files
       latexindent lives here: /home/tgross/.local/texlive/2024/texmf-dist/scripts/latexindent/
       Thu May 16 13:54:45 2024
       Filename: /home/tgross/other_projects/TikZ_projects/star_evolution/pp_chain/__latexindent_temp_pp_chain.tex
INFO:  Processing switches:
       -y|--yaml: YAML settings specified via command line
       -c|--cruft: cruft directory
INFO:  Directory for backup files and /home/tgross/other_projects/TikZ_projects//indent.log:
       /home/tgross/other_projects/TikZ_projects/
INFO:  YAML settings read: defaultSettings.yaml
       Reading defaultSettings.yaml from /home/tgross/.local/texlive/2024/texmf-dist/scripts/latexindent/defaultSettings.yaml
INFO:  YAML reading settings
       Home directory is /home/tgross
       latexindent.pl didn't find indentconfig.yaml or .indentconfig.yaml
       see all possible locations: https://latexindentpl.readthedocs.io/en/latest/sec-appendices.html#indentconfig-options)
INFO:  YAML settings read: -y switch
       YAML setting: defaultIndent:'    '
       single-quoted string found in -y switch: '    ', substitute to     
       Updating mainSettings with defaultIndent:     
INFO:  Phase 1: searching for objects
INFO:  Phase 2: finding surrounding indentation
INFO:  Phase 3: indenting objects
INFO:  Phase 4: final indentation check
INFO:  Output routine:
       Not outputting to file; see -w and -o switches for more options.
       --------------
INFO:  Please direct all communication/issues to:
        https://github.com/cmhughes/latexindent.pl
